<?xml version="1.0" encoding="UTF-8"?>
<!-- Generated by org.testng.reporters.JUnitReportReporter -->
<testsuite hostname="JATIN-PC" name="TestCases.TestSets" tests="1" failures="0" timestamp="12 Oct 2014 12:10:13 GMT" time="34.166" errors="0">
  <testcase name="addset" time="34.166" classname="TestCases.TestSets"/>
</testsuite> <!-- TestCases.TestSets -->
