<?xml version="1.0" encoding="UTF-8"?>
<!-- Generated by org.testng.reporters.JUnitReportReporter -->
<testsuite hostname="JATIN-PC" name="TestCases.TestSignup" tests="1" failures="0" timestamp="24 Nov 2014 09:32:38 GMT" time="42.562" errors="0">
  <testcase name="Testsignup1" time="42.562" classname="TestCases.TestSignup"/>
</testsuite> <!-- TestCases.TestSignup -->
