<?xml version="1.0" encoding="UTF-8"?>
<!-- Generated by org.testng.reporters.JUnitReportReporter -->
<testsuite hostname="JATIN-PC" name="TestCases.TestGift_Random" tests="2" failures="0" timestamp="21 Nov 2014 09:57:56 GMT" time="52.760" errors="0">
  <testcase name="TestgiftExistingToNew" time="28.399" classname="TestCases.TestGift_Random"/>
  <testcase name="TestgiftExistingToExisting" time="24.361" classname="TestCases.TestGift_Random"/>
</testsuite> <!-- TestCases.TestGift_Random -->
