<?xml version="1.0" encoding="UTF-8"?>
<!-- Generated by org.testng.reporters.JUnitReportReporter -->
<testsuite hostname="JATIN-PC" name="TestCases.TestHomePage_Links" tests="1" failures="0" timestamp="15 Nov 2014 05:03:29 GMT" time="130.054" errors="0">
  <testcase name="HomePage_Links" time="130.054" classname="TestCases.TestHomePage_Links"/>
</testsuite> <!-- TestCases.TestHomePage_Links -->
