<?xml version="1.0" encoding="UTF-8"?>
<!-- Generated by org.testng.reporters.JUnitReportReporter -->
<testsuite hostname="JATIN-PC" name="TestCases.TestPricing_Starter" tests="1" failures="0" timestamp="15 Nov 2014 05:19:17 GMT" time="73.751" errors="0">
  <testcase name="selectprice" time="73.751" classname="TestCases.TestPricing_Starter"/>
</testsuite> <!-- TestCases.TestPricing_Starter -->
