<?xml version="1.0" encoding="UTF-8"?>
<!-- Generated by org.testng.reporters.JUnitReportReporter -->
<testsuite hostname="JATIN-PC" name="TestCases.TestHomePage" tests="1" failures="0" timestamp="12 Oct 2014 12:10:13 GMT" time="0.410" errors="0">
  <testcase name="HomePage" time="0.410" classname="TestCases.TestHomePage"/>
</testsuite> <!-- TestCases.TestHomePage -->
