<?xml version="1.0" encoding="UTF-8"?>
<!-- Generated by org.testng.reporters.JUnitReportReporter -->
<testsuite hostname="JATIN-PC" name="TestCases.TestLogin" tests="1" failures="0" timestamp="12 Oct 2014 12:10:13 GMT" time="17.858" errors="0">
  <testcase name="Login" time="17.858" classname="TestCases.TestLogin"/>
</testsuite> <!-- TestCases.TestLogin -->
